10:32:03.756 [main] INFO  c.k.r.RabbitmqBackupApplication - Starting RabbitmqBackupApplication using Java 17.0.8 with PID 36284 (C:\develop\uam\rabbitmq-backup\build\classes\java\main started by 무인항공기술부 in C:\develop\uam\rabbitmq-backup)
10:32:03.759 [main] INFO  c.k.r.RabbitmqBackupApplication - No active profile set, falling back to 1 default profile: "default"
10:32:04.544 [main] INFO  o.s.a.r.c.CachingConnectionFactory - Attempting to connect to: ti.teamdream.kr:45672
10:32:04.648 [main] INFO  o.s.a.r.c.CachingConnectionFactory - Created new connection: rabbitConnectionFactory#11bd803:0/SimpleConnection@61cd1c71 [delegate=amqp://dreamteam@175.45.210.33:45672/vh.ebr, localPort=51428]
10:32:04.750 [main] INFO  c.k.r.RabbitmqBackupApplication - Started RabbitmqBackupApplication in 1.385 seconds (process running for 2.085)
10:32:04.973 [org.springframework.amqp.rabbit.RabbitListenerEndpointContainer#0-1] INFO  c.k.r.listener.MonitoringListener - {"meanWindDirection":302,"meanWindSpeed":2.8,"airTemperature":4.8,"humidity":70,"rainDetection":0,"aerodromeHorizontalVisibility":9999,"rainfall":0.0,"qnh":1023,"aerodromeObservedClouds":0,"vertiportId":"GC1GH"}
10:32:06.945 [org.springframework.amqp.rabbit.RabbitListenerEndpointContainer#0-1] INFO  c.k.r.listener.MonitoringListener - {"meanWindDirection":302,"meanWindSpeed":2.8,"airTemperature":4.8,"humidity":70,"rainDetection":0,"aerodromeHorizontalVisibility":9999,"rainfall":0.0,"qnh":1023,"aerodromeObservedClouds":0,"vertiportId":"GC1GH"}
10:32:08.949 [org.springframework.amqp.rabbit.RabbitListenerEndpointContainer#0-1] INFO  c.k.r.listener.MonitoringListener - {"meanWindDirection":302,"meanWindSpeed":2.8,"airTemperature":4.8,"humidity":70,"rainDetection":0,"aerodromeHorizontalVisibility":9999,"rainfall":0.0,"qnh":1023,"aerodromeObservedClouds":0,"vertiportId":"GC1GH"}
10:32:10.025 [org.springframework.amqp.rabbit.RabbitListenerEndpointContainer#0-2] INFO  o.s.a.r.l.SimpleMessageListenerContainer - Waiting for workers to finish.
10:32:10.969 [org.springframework.amqp.rabbit.RabbitListenerEndpointContainer#0-2] INFO  o.s.a.r.l.SimpleMessageListenerContainer - Successfully waited for workers to finish.
10:36:33.919 [main] INFO  c.k.r.RabbitmqBackupApplication - Starting RabbitmqBackupApplication using Java 17.0.8 with PID 97468 (C:\develop\uam\rabbitmq-backup\build\classes\java\main started by 무인항공기술부 in C:\develop\uam\rabbitmq-backup)
10:36:33.921 [main] INFO  c.k.r.RabbitmqBackupApplication - No active profile set, falling back to 1 default profile: "default"
10:36:34.688 [main] INFO  o.s.a.r.c.CachingConnectionFactory - Attempting to connect to: ti.teamdream.kr:45672
10:36:34.786 [main] INFO  o.s.a.r.c.CachingConnectionFactory - Created new connection: rabbitConnectionFactory#11bd803:0/SimpleConnection@61cd1c71 [delegate=amqp://dreamteam@175.45.210.33:45672/vh.ebr, localPort=51520]
10:36:34.890 [main] INFO  c.k.r.RabbitmqBackupApplication - Started RabbitmqBackupApplication in 1.315 seconds (process running for 1.992)
10:36:34.974 [org.springframework.amqp.rabbit.RabbitListenerEndpointContainer#0-1] INFO  c.k.r.listener.MonitoringListener - {"meanWindDirection":302,"meanWindSpeed":2.8,"airTemperature":4.8,"humidity":70,"rainDetection":0,"aerodromeHorizontalVisibility":9999,"rainfall":0.0,"qnh":1023,"aerodromeObservedClouds":0,"vertiportId":"GC1GH"}
10:36:36.944 [org.springframework.amqp.rabbit.RabbitListenerEndpointContainer#0-1] INFO  c.k.r.listener.MonitoringListener - {"meanWindDirection":302,"meanWindSpeed":2.8,"airTemperature":4.8,"humidity":70,"rainDetection":0,"aerodromeHorizontalVisibility":9999,"rainfall":0.0,"qnh":1023,"aerodromeObservedClouds":0,"vertiportId":"GC1GH"}
10:36:38.945 [org.springframework.amqp.rabbit.RabbitListenerEndpointContainer#0-1] INFO  c.k.r.listener.MonitoringListener - {"meanWindDirection":302,"meanWindSpeed":2.8,"airTemperature":4.8,"humidity":70,"rainDetection":0,"aerodromeHorizontalVisibility":9999,"rainfall":0.0,"qnh":1023,"aerodromeObservedClouds":0,"vertiportId":"GC1GH"}
10:36:40.945 [org.springframework.amqp.rabbit.RabbitListenerEndpointContainer#0-1] INFO  c.k.r.listener.MonitoringListener - {"meanWindDirection":302,"meanWindSpeed":2.8,"airTemperature":4.8,"humidity":70,"rainDetection":0,"aerodromeHorizontalVisibility":9999,"rainfall":0.0,"qnh":1023,"aerodromeObservedClouds":0,"vertiportId":"GC1GH"}
10:36:42.946 [org.springframework.amqp.rabbit.RabbitListenerEndpointContainer#0-1] INFO  c.k.r.listener.MonitoringListener - {"meanWindDirection":302,"meanWindSpeed":2.8,"airTemperature":4.8,"humidity":70,"rainDetection":0,"aerodromeHorizontalVisibility":9999,"rainfall":0.0,"qnh":1023,"aerodromeObservedClouds":0,"vertiportId":"GC1GH"}
10:36:43.844 [org.springframework.amqp.rabbit.RabbitListenerEndpointContainer#0-2] INFO  o.s.a.r.l.SimpleMessageListenerContainer - Waiting for workers to finish.
10:36:43.954 [org.springframework.amqp.rabbit.RabbitListenerEndpointContainer#0-2] INFO  o.s.a.r.l.SimpleMessageListenerContainer - Successfully waited for workers to finish.
10:37:17.250 [main] INFO  c.k.r.RabbitmqBackupApplication - Starting RabbitmqBackupApplication using Java 17.0.8 with PID 43180 (C:\develop\uam\rabbitmq-backup\build\classes\java\main started by 무인항공기술부 in C:\develop\uam\rabbitmq-backup)
10:37:17.252 [main] INFO  c.k.r.RabbitmqBackupApplication - No active profile set, falling back to 1 default profile: "default"
10:37:18.022 [main] INFO  o.s.a.r.c.CachingConnectionFactory - Attempting to connect to: ti.teamdream.kr:45672
10:37:18.105 [main] INFO  o.s.a.r.c.CachingConnectionFactory - Created new connection: rabbitConnectionFactory#11bd803:0/SimpleConnection@61cd1c71 [delegate=amqp://dreamteam@175.45.210.33:45672/vh.ebr, localPort=51540]
10:37:18.184 [main] INFO  c.k.r.RabbitmqBackupApplication - Started RabbitmqBackupApplication in 1.292 seconds (process running for 1.927)
10:37:18.975 [org.springframework.amqp.rabbit.RabbitListenerEndpointContainer#0-1] INFO  c.k.r.listener.MonitoringListener - {"meanWindDirection":302,"meanWindSpeed":2.8,"airTemperature":4.8,"humidity":70,"rainDetection":0,"aerodromeHorizontalVisibility":9999,"rainfall":0.0,"qnh":1023,"aerodromeObservedClouds":0,"vertiportId":"GC1GH"}
10:37:20.944 [org.springframework.amqp.rabbit.RabbitListenerEndpointContainer#0-1] INFO  c.k.r.listener.MonitoringListener - {"meanWindDirection":302,"meanWindSpeed":2.8,"airTemperature":4.8,"humidity":70,"rainDetection":0,"aerodromeHorizontalVisibility":9999,"rainfall":0.0,"qnh":1023,"aerodromeObservedClouds":0,"vertiportId":"GC1GH"}
10:37:22.943 [org.springframework.amqp.rabbit.RabbitListenerEndpointContainer#0-1] INFO  c.k.r.listener.MonitoringListener - {"meanWindDirection":302,"meanWindSpeed":2.8,"airTemperature":4.8,"humidity":70,"rainDetection":0,"aerodromeHorizontalVisibility":9999,"rainfall":0.0,"qnh":1023,"aerodromeObservedClouds":0,"vertiportId":"GC1GH"}
10:37:24.943 [org.springframework.amqp.rabbit.RabbitListenerEndpointContainer#0-1] INFO  c.k.r.listener.MonitoringListener - {"meanWindDirection":302,"meanWindSpeed":2.8,"airTemperature":4.8,"humidity":70,"rainDetection":0,"aerodromeHorizontalVisibility":9999,"rainfall":0.0,"qnh":1023,"aerodromeObservedClouds":0,"vertiportId":"GC1GH"}
10:37:26.947 [org.springframework.amqp.rabbit.RabbitListenerEndpointContainer#0-1] INFO  c.k.r.listener.MonitoringListener - {"meanWindDirection":302,"meanWindSpeed":2.8,"airTemperature":4.8,"humidity":70,"rainDetection":0,"aerodromeHorizontalVisibility":9999,"rainfall":0.0,"qnh":1023,"aerodromeObservedClouds":0,"vertiportId":"GC1GH"}
10:37:28.945 [org.springframework.amqp.rabbit.RabbitListenerEndpointContainer#0-1] INFO  c.k.r.listener.MonitoringListener - {"meanWindDirection":302,"meanWindSpeed":2.8,"airTemperature":4.8,"humidity":70,"rainDetection":0,"aerodromeHorizontalVisibility":9999,"rainfall":0.0,"qnh":1023,"aerodromeObservedClouds":0,"vertiportId":"GC1GH"}
10:37:30.822 [org.springframework.amqp.rabbit.RabbitListenerEndpointContainer#0-2] INFO  o.s.a.r.l.SimpleMessageListenerContainer - Waiting for workers to finish.
10:37:30.960 [org.springframework.amqp.rabbit.RabbitListenerEndpointContainer#0-2] INFO  o.s.a.r.l.SimpleMessageListenerContainer - Successfully waited for workers to finish.
10:48:40.029 [main] INFO  c.k.r.RabbitmqBackupApplication - Starting RabbitmqBackupApplication using Java 17.0.8 with PID 100496 (C:\develop\uam\rabbitmq-backup\build\classes\java\main started by 무인항공기술부 in C:\develop\uam\rabbitmq-backup)
10:48:40.031 [main] INFO  c.k.r.RabbitmqBackupApplication - No active profile set, falling back to 1 default profile: "default"
10:48:40.787 [main] INFO  o.s.a.r.c.CachingConnectionFactory - Attempting to connect to: ti.teamdream.kr:45672
10:48:40.978 [main] INFO  o.s.a.r.c.CachingConnectionFactory - Created new connection: rabbitConnectionFactory#11bd803:0/SimpleConnection@61cd1c71 [delegate=amqp://dreamteam@175.45.210.33:45672/vh.ebr, localPort=51877]
10:48:41.085 [main] INFO  c.k.r.RabbitmqBackupApplication - Started RabbitmqBackupApplication in 1.441 seconds (process running for 2.215)
10:48:41.109 [org.springframework.amqp.rabbit.RabbitListenerEndpointContainer#0-1] INFO  c.k.r.listener.MonitoringListener - {"meanWindDirection":302,"meanWindSpeed":2.8,"airTemperature":4.8,"humidity":70,"rainDetection":0,"aerodromeHorizontalVisibility":9999,"rainfall":0.0,"qnh":1023,"aerodromeObservedClouds":0,"vertiportId":"GC1GH"}
10:48:42.932 [org.springframework.amqp.rabbit.RabbitListenerEndpointContainer#0-1] INFO  c.k.r.listener.MonitoringListener - {"meanWindDirection":302,"meanWindSpeed":2.8,"airTemperature":4.8,"humidity":70,"rainDetection":0,"aerodromeHorizontalVisibility":9999,"rainfall":0.0,"qnh":1023,"aerodromeObservedClouds":0,"vertiportId":"GC1GH"}
10:48:44.931 [org.springframework.amqp.rabbit.RabbitListenerEndpointContainer#0-1] INFO  c.k.r.listener.MonitoringListener - {"meanWindDirection":302,"meanWindSpeed":2.8,"airTemperature":4.8,"humidity":70,"rainDetection":0,"aerodromeHorizontalVisibility":9999,"rainfall":0.0,"qnh":1023,"aerodromeObservedClouds":0,"vertiportId":"GC1GH"}
10:48:46.931 [org.springframework.amqp.rabbit.RabbitListenerEndpointContainer#0-1] INFO  c.k.r.listener.MonitoringListener - {"meanWindDirection":302,"meanWindSpeed":2.8,"airTemperature":4.8,"humidity":70,"rainDetection":0,"aerodromeHorizontalVisibility":9999,"rainfall":0.0,"qnh":1023,"aerodromeObservedClouds":0,"vertiportId":"GC1GH"}
10:48:48.930 [org.springframework.amqp.rabbit.RabbitListenerEndpointContainer#0-1] INFO  c.k.r.listener.MonitoringListener - {"meanWindDirection":302,"meanWindSpeed":2.8,"airTemperature":4.8,"humidity":70,"rainDetection":0,"aerodromeHorizontalVisibility":9999,"rainfall":0.0,"qnh":1023,"aerodromeObservedClouds":0,"vertiportId":"GC1GH"}
10:48:50.649 [org.springframework.amqp.rabbit.RabbitListenerEndpointContainer#0-2] INFO  o.s.a.r.l.SimpleMessageListenerContainer - Waiting for workers to finish.
10:48:50.942 [org.springframework.amqp.rabbit.RabbitListenerEndpointContainer#0-2] INFO  o.s.a.r.l.SimpleMessageListenerContainer - Successfully waited for workers to finish.
10:50:22.373 [main] INFO  c.k.r.RabbitmqBackupApplication - Starting RabbitmqBackupApplication using Java 17.0.8 with PID 86048 (C:\develop\uam\rabbitmq-backup\build\classes\java\main started by 무인항공기술부 in C:\develop\uam\rabbitmq-backup)
10:50:22.375 [main] INFO  c.k.r.RabbitmqBackupApplication - No active profile set, falling back to 1 default profile: "default"
10:50:23.127 [main] INFO  o.s.a.r.c.CachingConnectionFactory - Attempting to connect to: ti.teamdream.kr:45672
10:50:23.209 [main] INFO  o.s.a.r.c.CachingConnectionFactory - Created new connection: rabbitConnectionFactory#11bd803:0/SimpleConnection@61cd1c71 [delegate=amqp://dreamteam@175.45.210.33:45672/vh.ebr, localPort=51900]
10:50:23.296 [main] INFO  c.k.r.RabbitmqBackupApplication - Started RabbitmqBackupApplication in 1.261 seconds (process running for 1.855)
10:50:23.314 [org.springframework.amqp.rabbit.RabbitListenerEndpointContainer#0-1] INFO  c.k.r.listener.MonitoringListener - {"meanWindDirection":302,"meanWindSpeed":2.8,"airTemperature":4.8,"humidity":70,"rainDetection":0,"aerodromeHorizontalVisibility":9999,"rainfall":0.0,"qnh":1023,"aerodromeObservedClouds":0,"vertiportId":"GC1GH"}
10:50:24.592 [org.springframework.amqp.rabbit.RabbitListenerEndpointContainer#0-2] INFO  o.s.a.r.l.SimpleMessageListenerContainer - Waiting for workers to finish.
